# JRE version: Java(TM) SE Runtime Environment (18.0.2.1+1) (build 18.0.2.1+1-1)
# Java VM: Java HotSpot(TM) 64-Bit Server VM (18.0.2.1+1-1, mixed mode, sharing, tiered, compressed oops, compressed class ptrs, parallel gc, windows-amd64)
GC Precious Log:
 CardTable entry size: 512
 CPUs: 8 total, 8 available
 Memory: 8079M
 Large Page Support: Disabled
 NUMA Support: Disabled
 Compressed Oops: Enabled (32-bit)
 Alignments: Space 512K, Generation 512K, Heap 2M
 Heap Min Capacity: 100M
 Heap Initial Capacity: 100M
 Heap Max Capacity: 1G
 Pre-touch: Disabled
 Parallel Workers: 8
Heap:
 PSYoungGen      total 60928K, used 23080K [0x00000000eab00000, 0x00000000efe00000, 0x0000000100000000)
  eden space 50688K, 25% used [0x00000000eab00000,0x00000000eb78aba8,0x00000000edc80000)
  from space 10240K, 99% used [0x00000000eeb80000,0x00000000ef57f790,0x00000000ef580000)
  to   space 15360K, 0% used [0x00000000edc80000,0x00000000edc80000,0x00000000eeb80000)
 ParOldGen       total 353792K, used 314145K [0x00000000c0000000, 0x00000000d5980000, 0x00000000eab00000)
  object space 353792K, 88% used [0x00000000c0000000,0x00000000d32c8688,0x00000000d5980000)
 Metaspace       used 55293K, committed 56320K, reserved 1114112K
  class space    used 5819K, committed 6272K, reserved 1048576K
GC Heap History (20 events):
Event: 15.330 GC heap before
{Heap before GC invocations=61 (full 7):
 PSYoungGen      total 30720K, used 30317K [0x00000000eab00000, 0x00000000ed700000, 0x0000000100000000)
  eden space 25088K, 100% used [0x00000000eab00000,0x00000000ec380000,0x00000000ec380000)
  from space 5632K, 92% used [0x00000000ed180000,0x00000000ed69b510,0x00000000ed700000)
  to   space 8192K, 0% used [0x00000000ec700000,0x00000000ec700000,0x00000000ecf00000)
 ParOldGen       total 353792K, used 243814K [0x00000000c0000000, 0x00000000d5980000, 0x00000000eab00000)
  object space 353792K, 68% used [0x00000000c0000000,0x00000000cee19858,0x00000000d5980000)
 Metaspace       used 51588K, committed 52544K, reserved 1114112K
  class space    used 5363K, committed 5760K, reserved 1048576K
}
Event: 15.337 GC heap after
{Heap after GC invocations=61 (full 7):
 PSYoungGen      total 35840K, used 8191K [0x00000000eab00000, 0x00000000edd00000, 0x0000000100000000)
  eden space 27648K, 0% used [0x00000000eab00000,0x00000000eab00000,0x00000000ec600000)
  from space 8192K, 99% used [0x00000000ec700000,0x00000000ecefff68,0x00000000ecf00000)
  to   space 11776K, 0% used [0x00000000ed180000,0x00000000ed180000,0x00000000edd00000)
 ParOldGen       total 353792K, used 246234K [0x00000000c0000000, 0x00000000d5980000, 0x00000000eab00000)
  object space 353792K, 69% used [0x00000000c0000000,0x00000000cf076bc0,0x00000000d5980000)
 Metaspace       used 51588K, committed 52544K, reserved 1114112K
  class space    used 5363K, committed 5760K, reserved 1048576K
}
Event: 15.396 GC heap before
{Heap before GC invocations=62 (full 7):
 PSYoungGen      total 35840K, used 35839K [0x00000000eab00000, 0x00000000edd00000, 0x0000000100000000)
  eden space 27648K, 100% used [0x00000000eab00000,0x00000000ec600000,0x00000000ec600000)
  from space 8192K, 99% used [0x00000000ec700000,0x00000000ecefff68,0x00000000ecf00000)
  to   space 11776K, 0% used [0x00000000ed180000,0x00000000ed180000,0x00000000edd00000)
 ParOldGen       total 353792K, used 246234K [0x00000000c0000000, 0x00000000d5980000, 0x00000000eab00000)
  object space 353792K, 69% used [0x00000000c0000000,0x00000000cf076bc0,0x00000000d5980000)
 Metaspace       used 51588K, committed 52544K, reserved 1114112K
  class space    used 5363K, committed 5760K, reserved 1048576K
}
Event: 15.403 GC heap after
{Heap after GC invocations=62 (full 7):
 PSYoungGen      total 37376K, used 5833K [0x00000000eab00000, 0x00000000ed800000, 0x0000000100000000)
  eden space 30720K, 0% used [0x00000000eab00000,0x00000000eab00000,0x00000000ec900000)
  from space 6656K, 87% used [0x00000000ed180000,0x00000000ed732710,0x00000000ed800000)
  to   space 7680K, 0% used [0x00000000ec900000,0x00000000ec900000,0x00000000ed080000)
 ParOldGen       total 353792K, used 254307K [0x00000000c0000000, 0x00000000d5980000, 0x00000000eab00000)
  object space 353792K, 71% used [0x00000000c0000000,0x00000000cf858d20,0x00000000d5980000)
 Metaspace       used 51588K, committed 52544K, reserved 1114112K
  class space    used 5363K, committed 5760K, reserved 1048576K
}
Event: 15.466 GC heap before
{Heap before GC invocations=63 (full 7):
 PSYoungGen      total 37376K, used 36553K [0x00000000eab00000, 0x00000000ed800000, 0x0000000100000000)
  eden space 30720K, 100% used [0x00000000eab00000,0x00000000ec900000,0x00000000ec900000)
  from space 6656K, 87% used [0x00000000ed180000,0x00000000ed732710,0x00000000ed800000)
  to   space 7680K, 0% used [0x00000000ec900000,0x00000000ec900000,0x00000000ed080000)
 ParOldGen       total 353792K, used 254307K [0x00000000c0000000, 0x00000000d5980000, 0x00000000eab00000)
  object space 353792K, 71% used [0x00000000c0000000,0x00000000cf858d20,0x00000000d5980000)
 Metaspace       used 51588K, committed 52544K, reserved 1114112K
  class space    used 5363K, committed 5760K, reserved 1048576K
}
Event: 15.472 GC heap after
{Heap after GC invocations=63 (full 7):
 PSYoungGen      total 38400K, used 7674K [0x00000000eab00000, 0x00000000ee800000, 0x0000000100000000)
  eden space 30720K, 0% used [0x00000000eab00000,0x00000000eab00000,0x00000000ec900000)
  from space 7680K, 99% used [0x00000000ec900000,0x00000000ed07e8f0,0x00000000ed080000)
  to   space 14336K, 0% used [0x00000000eda00000,0x00000000eda00000,0x00000000ee800000)
 ParOldGen       total 353792K, used 259618K [0x00000000c0000000, 0x00000000d5980000, 0x00000000eab00000)
  object space 353792K, 73% used [0x00000000c0000000,0x00000000cfd88a80,0x00000000d5980000)
 Metaspace       used 51588K, committed 52544K, reserved 1114112K
  class space    used 5363K, committed 5760K, reserved 1048576K
}
Event: 15.543 GC heap before
{Heap before GC invocations=64 (full 7):
 PSYoungGen      total 38400K, used 38394K [0x00000000eab00000, 0x00000000ee800000, 0x0000000100000000)
  eden space 30720K, 100% used [0x00000000eab00000,0x00000000ec900000,0x00000000ec900000)
  from space 7680K, 99% used [0x00000000ec900000,0x00000000ed07e8f0,0x00000000ed080000)
  to   space 14336K, 0% used [0x00000000eda00000,0x00000000eda00000,0x00000000ee800000)
 ParOldGen       total 353792K, used 259618K [0x00000000c0000000, 0x00000000d5980000, 0x00000000eab00000)
  object space 353792K, 73% used [0x00000000c0000000,0x00000000cfd88a80,0x00000000d5980000)
 Metaspace       used 51588K, committed 52544K, reserved 1114112K
  class space    used 5363K, committed 5760K, reserved 1048576K
}
Event: 15.550 GC heap after
{Heap after GC invocations=64 (full 7):
 PSYoungGen      total 40960K, used 7033K [0x00000000eab00000, 0x00000000ee100000, 0x0000000100000000)
  eden space 33792K, 0% used [0x00000000eab00000,0x00000000eab00000,0x00000000ecc00000)
  from space 7168K, 98% used [0x00000000eda00000,0x00000000ee0de7a0,0x00000000ee100000)
  to   space 9216K, 0% used [0x00000000ecf00000,0x00000000ecf00000,0x00000000ed800000)
 ParOldGen       total 353792K, used 267172K [0x00000000c0000000, 0x00000000d5980000, 0x00000000eab00000)
  object space 353792K, 75% used [0x00000000c0000000,0x00000000d04e91b0,0x00000000d5980000)
 Metaspace       used 51588K, committed 52544K, reserved 1114112K
  class space    used 5363K, committed 5760K, reserved 1048576K
}
Event: 15.622 GC heap before
{Heap before GC invocations=65 (full 7):
 PSYoungGen      total 40960K, used 40825K [0x00000000eab00000, 0x00000000ee100000, 0x0000000100000000)
  eden space 33792K, 100% used [0x00000000eab00000,0x00000000ecc00000,0x00000000ecc00000)
  from space 7168K, 98% used [0x00000000eda00000,0x00000000ee0de7a0,0x00000000ee100000)
  to   space 9216K, 0% used [0x00000000ecf00000,0x00000000ecf00000,0x00000000ed800000)
 ParOldGen       total 353792K, used 267172K [0x00000000c0000000, 0x00000000d5980000, 0x00000000eab00000)
  object space 353792K, 75% used [0x00000000c0000000,0x00000000d04e91b0,0x00000000d5980000)
 Metaspace       used 51588K, committed 52544K, reserved 1114112K
  class space    used 5363K, committed 5760K, reserved 1048576K
}
Event: 15.631 GC heap after
{Heap after GC invocations=65 (full 7):
 PSYoungGen      total 46080K, used 9199K [0x00000000eab00000, 0x00000000ef280000, 0x0000000100000000)
  eden space 36864K, 0% used [0x00000000eab00000,0x00000000eab00000,0x00000000ecf00000)
  from space 9216K, 99% used [0x00000000ecf00000,0x00000000ed7fbd48,0x00000000ed800000)
  to   space 17920K, 0% used [0x00000000ee100000,0x00000000ee100000,0x00000000ef280000)
 ParOldGen       total 353792K, used 273858K [0x00000000c0000000, 0x00000000d5980000, 0x00000000eab00000)
  object space 353792K, 77% used [0x00000000c0000000,0x00000000d0b70948,0x00000000d5980000)
 Metaspace       used 51588K, committed 52544K, reserved 1114112K
  class space    used 5363K, committed 5760K, reserved 1048576K
}
Event: 15.684 GC heap before
{Heap before GC invocations=66 (full 7):
 PSYoungGen      total 46080K, used 46063K [0x00000000eab00000, 0x00000000ef280000, 0x0000000100000000)
  eden space 36864K, 100% used [0x00000000eab00000,0x00000000ecf00000,0x00000000ecf00000)
  from space 9216K, 99% used [0x00000000ecf00000,0x00000000ed7fbd48,0x00000000ed800000)
  to   space 17920K, 0% used [0x00000000ee100000,0x00000000ee100000,0x00000000ef280000)
 ParOldGen       total 353792K, used 273858K [0x00000000c0000000, 0x00000000d5980000, 0x00000000eab00000)
  object space 353792K, 77% used [0x00000000c0000000,0x00000000d0b70948,0x00000000d5980000)
 Metaspace       used 51588K, committed 52544K, reserved 1114112K
  class space    used 5363K, committed 5760K, reserved 1048576K
}
Event: 15.700 GC heap after
{Heap after GC invocations=66 (full 7):
 PSYoungGen      total 53248K, used 11626K [0x00000000eab00000, 0x00000000eed00000, 0x0000000100000000)
  eden space 40960K, 0% used [0x00000000eab00000,0x00000000eab00000,0x00000000ed300000)
  from space 12288K, 94% used [0x00000000ee100000,0x00000000eec5a940,0x00000000eed00000)
  to   space 13312K, 0% used [0x00000000ed300000,0x00000000ed300000,0x00000000ee000000)
 ParOldGen       total 353792K, used 283010K [0x00000000c0000000, 0x00000000d5980000, 0x00000000eab00000)
  object space 353792K, 79% used [0x00000000c0000000,0x00000000d14609a8,0x00000000d5980000)
 Metaspace       used 51588K, committed 52544K, reserved 1114112K
  class space    used 5363K, committed 5760K, reserved 1048576K
}
Event: 15.739 GC heap before
{Heap before GC invocations=67 (full 7):
 PSYoungGen      total 53248K, used 52586K [0x00000000eab00000, 0x00000000eed00000, 0x0000000100000000)
  eden space 40960K, 100% used [0x00000000eab00000,0x00000000ed300000,0x00000000ed300000)
  from space 12288K, 94% used [0x00000000ee100000,0x00000000eec5a940,0x00000000eed00000)
  to   space 13312K, 0% used [0x00000000ed300000,0x00000000ed300000,0x00000000ee000000)
 ParOldGen       total 353792K, used 283010K [0x00000000c0000000, 0x00000000d5980000, 0x00000000eab00000)
  object space 353792K, 79% used [0x00000000c0000000,0x00000000d14609a8,0x00000000d5980000)
 Metaspace       used 51588K, committed 52544K, reserved 1114112K
  class space    used 5363K, committed 5760K, reserved 1048576K
}
Event: 15.748 GC heap after
{Heap after GC invocations=67 (full 7):
 PSYoungGen      total 54272K, used 13305K [0x00000000eab00000, 0x00000000f1280000, 0x0000000100000000)
  eden space 40960K, 0% used [0x00000000eab00000,0x00000000eab00000,0x00000000ed300000)
  from space 13312K, 99% used [0x00000000ed300000,0x00000000edffe688,0x00000000ee000000)
  to   space 30208K, 0% used [0x00000000ef500000,0x00000000ef500000,0x00000000f1280000)
 ParOldGen       total 353792K, used 296857K [0x00000000c0000000, 0x00000000d5980000, 0x00000000eab00000)
  object space 353792K, 83% used [0x00000000c0000000,0x00000000d21e6560,0x00000000d5980000)
 Metaspace       used 51588K, committed 52544K, reserved 1114112K
  class space    used 5363K, committed 5760K, reserved 1048576K
}
Event: 16.203 GC heap before
{Heap before GC invocations=68 (full 7):
 PSYoungGen      total 54272K, used 54160K [0x00000000eab00000, 0x00000000f1280000, 0x0000000100000000)
  eden space 40960K, 99% used [0x00000000eab00000,0x00000000ed2e5d20,0x00000000ed300000)
  from space 13312K, 99% used [0x00000000ed300000,0x00000000edffe688,0x00000000ee000000)
  to   space 30208K, 0% used [0x00000000ef500000,0x00000000ef500000,0x00000000f1280000)
 ParOldGen       total 353792K, used 296857K [0x00000000c0000000, 0x00000000d5980000, 0x00000000eab00000)
  object space 353792K, 83% used [0x00000000c0000000,0x00000000d21e6560,0x00000000d5980000)
 Metaspace       used 51596K, committed 52544K, reserved 1114112K
  class space    used 5363K, committed 5760K, reserved 1048576K
}
Event: 16.274 GC heap after
{Heap after GC invocations=68 (full 7):
 PSYoungGen      total 69632K, used 23814K [0x00000000eab00000, 0x00000000f0c80000, 0x0000000100000000)
  eden space 45568K, 0% used [0x00000000eab00000,0x00000000eab00000,0x00000000ed780000)
  from space 24064K, 98% used [0x00000000ef500000,0x00000000f0c41958,0x00000000f0c80000)
  to   space 25088K, 0% used [0x00000000edb80000,0x00000000edb80000,0x00000000ef400000)
 ParOldGen       total 353792K, used 310071K [0x00000000c0000000, 0x00000000d5980000, 0x00000000eab00000)
  object space 353792K, 87% used [0x00000000c0000000,0x00000000d2ecdef8,0x00000000d5980000)
 Metaspace       used 51596K, committed 52544K, reserved 1114112K
  class space    used 5363K, committed 5760K, reserved 1048576K
}
Event: 17.924 GC heap before
{Heap before GC invocations=69 (full 7):
 PSYoungGen      total 69632K, used 69382K [0x00000000eab00000, 0x00000000f0c80000, 0x0000000100000000)
  eden space 45568K, 100% used [0x00000000eab00000,0x00000000ed780000,0x00000000ed780000)
  from space 24064K, 98% used [0x00000000ef500000,0x00000000f0c41958,0x00000000f0c80000)
  to   space 25088K, 0% used [0x00000000edb80000,0x00000000edb80000,0x00000000ef400000)
 ParOldGen       total 353792K, used 310071K [0x00000000c0000000, 0x00000000d5980000, 0x00000000eab00000)
  object space 353792K, 87% used [0x00000000c0000000,0x00000000d2ecdef8,0x00000000d5980000)
 Metaspace       used 51621K, committed 52544K, reserved 1114112K
  class space    used 5363K, committed 5760K, reserved 1048576K
}
Event: 17.981 GC heap after
{Heap after GC invocations=69 (full 7):
 PSYoungGen      total 51712K, used 1937K [0x00000000eab00000, 0x00000000ef580000, 0x0000000100000000)
  eden space 49664K, 0% used [0x00000000eab00000,0x00000000eab00000,0x00000000edb80000)
  from space 2048K, 94% used [0x00000000edb80000,0x00000000edd646d0,0x00000000edd80000)
  to   space 10240K, 0% used [0x00000000eeb80000,0x00000000eeb80000,0x00000000ef580000)
 ParOldGen       total 353792K, used 311433K [0x00000000c0000000, 0x00000000d5980000, 0x00000000eab00000)
  object space 353792K, 88% used [0x00000000c0000000,0x00000000d3022688,0x00000000d5980000)
 Metaspace       used 51621K, committed 52544K, reserved 1114112K
  class space    used 5363K, committed 5760K, reserved 1048576K
}
Event: 18.309 GC heap before
{Heap before GC invocations=70 (full 7):
 PSYoungGen      total 51712K, used 51601K [0x00000000eab00000, 0x00000000ef580000, 0x0000000100000000)
  eden space 49664K, 100% used [0x00000000eab00000,0x00000000edb80000,0x00000000edb80000)
  from space 2048K, 94% used [0x00000000edb80000,0x00000000edd646d0,0x00000000edd80000)
  to   space 10240K, 0% used [0x00000000eeb80000,0x00000000eeb80000,0x00000000ef580000)
 ParOldGen       total 353792K, used 311433K [0x00000000c0000000, 0x00000000d5980000, 0x00000000eab00000)
  object space 353792K, 88% used [0x00000000c0000000,0x00000000d3022688,0x00000000d5980000)
 Metaspace       used 52520K, committed 53504K, reserved 1114112K
  class space    used 5455K, committed 5888K, reserved 1048576K
}
Event: 18.318 GC heap after
{Heap after GC invocations=70 (full 7):
 PSYoungGen      total 60928K, used 10237K [0x00000000eab00000, 0x00000000efe00000, 0x0000000100000000)
  eden space 50688K, 0% used [0x00000000eab00000,0x00000000eab00000,0x00000000edc80000)
  from space 10240K, 99% used [0x00000000eeb80000,0x00000000ef57f790,0x00000000ef580000)
  to   space 15360K, 0% used [0x00000000edc80000,0x00000000edc80000,0x00000000eeb80000)
 ParOldGen       total 353792K, used 314145K [0x00000000c0000000, 0x00000000d5980000, 0x00000000eab00000)
  object space 353792K, 88% used [0x00000000c0000000,0x00000000d32c8688,0x00000000d5980000)
 Metaspace       used 52520K, committed 53504K, reserved 1114112K
  class space    used 5455K, committed 5888K, reserved 1048576K
}

